  Source.c
c:\users\youns\onedrive\바탕 화면\ui 수정본\typing practice program\source.c(528): warning C4244: '=': 'float'에서 'int'(으)로 변환하면서 데이터가 손실될 수 있습니다.
c:\users\youns\onedrive\바탕 화면\ui 수정본\typing practice program\source.c(529): warning C4244: '=': 'double'에서 '__int64'(으)로 변환하면서 데이터가 손실될 수 있습니다.
c:\users\youns\onedrive\바탕 화면\ui 수정본\typing practice program\source.c(537): warning C4244: '함수': '__int64'에서 'int'(으)로 변환하면서 데이터가 손실될 수 있습니다.
c:\users\youns\onedrive\바탕 화면\ui 수정본\typing practice program\source.c(538): warning C4477: 'fprintf' : 서식 문자열 '%d'에 'int' 형식의 인수가 필요하지만 variadic 인수 2의 형식이 '__int64'입니다.
  c:\users\youns\onedrive\바탕 화면\ui 수정본\typing practice program\source.c(538): note: 서식 문자열에서 '%lld'을(를) 사용하는 것이 좋습니다.
  c:\users\youns\onedrive\바탕 화면\ui 수정본\typing practice program\source.c(538): note: 서식 문자열에서 '%I64d'을(를) 사용하는 것이 좋습니다.
c:\users\youns\onedrive\바탕 화면\ui 수정본\typing practice program\source.c(375): warning C4996: 'wcscpy': This function or variable may be unsafe. Consider using wcscpy_s instead. To disable deprecation, use _CRT_SECURE_NO_WARNINGS. See online help for details.
  c:\program files (x86)\windows kits\10\include\10.0.17763.0\ucrt\corecrt_wstring.h(123): note: 'wcscpy' 선언을 참조하십시오.
c:\users\youns\onedrive\바탕 화면\ui 수정본\typing practice program\source.c(504): warning C4996: 'wcscpy': This function or variable may be unsafe. Consider using wcscpy_s instead. To disable deprecation, use _CRT_SECURE_NO_WARNINGS. See online help for details.
  c:\program files (x86)\windows kits\10\include\10.0.17763.0\ucrt\corecrt_wstring.h(123): note: 'wcscpy' 선언을 참조하십시오.
c:\users\youns\onedrive\바탕 화면\ui 수정본\typing practice program\source.c(516): warning C4996: 'wcscpy': This function or variable may be unsafe. Consider using wcscpy_s instead. To disable deprecation, use _CRT_SECURE_NO_WARNINGS. See online help for details.
  c:\program files (x86)\windows kits\10\include\10.0.17763.0\ucrt\corecrt_wstring.h(123): note: 'wcscpy' 선언을 참조하십시오.
c:\users\youns\onedrive\바탕 화면\ui 수정본\typing practice program\source.c(521): warning C4996: 'wcscpy': This function or variable may be unsafe. Consider using wcscpy_s instead. To disable deprecation, use _CRT_SECURE_NO_WARNINGS. See online help for details.
  c:\program files (x86)\windows kits\10\include\10.0.17763.0\ucrt\corecrt_wstring.h(123): note: 'wcscpy' 선언을 참조하십시오.
c:\users\youns\onedrive\바탕 화면\ui 수정본\typing practice program\source.c(525): warning C4996: 'wcscat': This function or variable may be unsafe. Consider using wcscat_s instead. To disable deprecation, use _CRT_SECURE_NO_WARNINGS. See online help for details.
  c:\program files (x86)\windows kits\10\include\10.0.17763.0\ucrt\corecrt_wstring.h(100): note: 'wcscat' 선언을 참조하십시오.
c:\users\youns\onedrive\바탕 화면\ui 수정본\typing practice program\source.c(354): warning C4101: 'Random' :참조되지 않은 지역 변수입니다.
c:\users\youns\onedrive\바탕 화면\ui 수정본\typing practice program\source.c(569): warning C4013: 'typingsound'이(가) 정의되지 않았습니다. extern은 int형을 반환하는 것으로 간주합니다.
c:\users\youns\onedrive\바탕 화면\ui 수정본\typing practice program\source.c(714): warning C4244: '=': 'float'에서 'int'(으)로 변환하면서 데이터가 손실될 수 있습니다.
c:\users\youns\onedrive\바탕 화면\ui 수정본\typing practice program\source.c(715): warning C4244: '=': 'double'에서 '__int64'(으)로 변환하면서 데이터가 손실될 수 있습니다.
c:\users\youns\onedrive\바탕 화면\ui 수정본\typing practice program\source.c(717): warning C4013: 'stopsound'이(가) 정의되지 않았습니다. extern은 int형을 반환하는 것으로 간주합니다.
c:\users\youns\onedrive\바탕 화면\ui 수정본\typing practice program\source.c(575): warning C4996: 'wcscpy': This function or variable may be unsafe. Consider using wcscpy_s instead. To disable deprecation, use _CRT_SECURE_NO_WARNINGS. See online help for details.
  c:\program files (x86)\windows kits\10\include\10.0.17763.0\ucrt\corecrt_wstring.h(123): note: 'wcscpy' 선언을 참조하십시오.
c:\users\youns\onedrive\바탕 화면\ui 수정본\typing practice program\source.c(706): warning C4996: 'wcscpy': This function or variable may be unsafe. Consider using wcscpy_s instead. To disable deprecation, use _CRT_SECURE_NO_WARNINGS. See online help for details.
  c:\program files (x86)\windows kits\10\include\10.0.17763.0\ucrt\corecrt_wstring.h(123): note: 'wcscpy' 선언을 참조하십시오.
c:\users\youns\onedrive\바탕 화면\ui 수정본\typing practice program\source.c(710): warning C4996: 'wcscpy': This function or variable may be unsafe. Consider using wcscpy_s instead. To disable deprecation, use _CRT_SECURE_NO_WARNINGS. See online help for details.
  c:\program files (x86)\windows kits\10\include\10.0.17763.0\ucrt\corecrt_wstring.h(123): note: 'wcscpy' 선언을 참조하십시오.
c:\users\youns\onedrive\바탕 화면\ui 수정본\typing practice program\source.c(712): warning C4996: 'wcscpy': This function or variable may be unsafe. Consider using wcscpy_s instead. To disable deprecation, use _CRT_SECURE_NO_WARNINGS. See online help for details.
  c:\program files (x86)\windows kits\10\include\10.0.17763.0\ucrt\corecrt_wstring.h(123): note: 'wcscpy' 선언을 참조하십시오.
c:\users\youns\onedrive\바탕 화면\ui 수정본\typing practice program\source.c(747): warning C4996: 'fopen': This function or variable may be unsafe. Consider using fopen_s instead. To disable deprecation, use _CRT_SECURE_NO_WARNINGS. See online help for details.
  c:\program files (x86)\windows kits\10\include\10.0.17763.0\ucrt\stdio.h(208): note: 'fopen' 선언을 참조하십시오.
c:\users\youns\onedrive\바탕 화면\ui 수정본\typing practice program\source.c(748): warning C4996: 'fopen': This function or variable may be unsafe. Consider using fopen_s instead. To disable deprecation, use _CRT_SECURE_NO_WARNINGS. See online help for details.
  c:\program files (x86)\windows kits\10\include\10.0.17763.0\ucrt\stdio.h(208): note: 'fopen' 선언을 참조하십시오.
c:\users\youns\onedrive\바탕 화면\ui 수정본\typing practice program\source.c(749): warning C4996: 'fopen': This function or variable may be unsafe. Consider using fopen_s instead. To disable deprecation, use _CRT_SECURE_NO_WARNINGS. See online help for details.
  c:\program files (x86)\windows kits\10\include\10.0.17763.0\ucrt\stdio.h(208): note: 'fopen' 선언을 참조하십시오.
c:\users\youns\onedrive\바탕 화면\ui 수정본\typing practice program\source.c(750): warning C4996: 'fopen': This function or variable may be unsafe. Consider using fopen_s instead. To disable deprecation, use _CRT_SECURE_NO_WARNINGS. See online help for details.
  c:\program files (x86)\windows kits\10\include\10.0.17763.0\ucrt\stdio.h(208): note: 'fopen' 선언을 참조하십시오.
c:\users\youns\onedrive\바탕 화면\ui 수정본\typing practice program\source.c(751): warning C4996: 'fopen': This function or variable may be unsafe. Consider using fopen_s instead. To disable deprecation, use _CRT_SECURE_NO_WARNINGS. See online help for details.
  c:\program files (x86)\windows kits\10\include\10.0.17763.0\ucrt\stdio.h(208): note: 'fopen' 선언을 참조하십시오.
  typingsound.c
  ui.c
c:\users\youns\onedrive\바탕 화면\ui 수정본\typing practice program\ui.c(56): warning C4996: 'getch': The POSIX name for this item is deprecated. Instead, use the ISO C and C++ conformant name: _getch. See online help for details.
  c:\program files (x86)\windows kits\10\include\10.0.17763.0\ucrt\conio.h(453): note: 'getch' 선언을 참조하십시오.
c:\users\youns\onedrive\바탕 화면\ui 수정본\typing practice program\ui.c(113): warning C4996: 'getch': The POSIX name for this item is deprecated. Instead, use the ISO C and C++ conformant name: _getch. See online help for details.
  c:\program files (x86)\windows kits\10\include\10.0.17763.0\ucrt\conio.h(453): note: 'getch' 선언을 참조하십시오.
c:\users\youns\onedrive\바탕 화면\ui 수정본\typing practice program\ui.c(178): warning C4244: '=': '__int64'에서 'int'(으)로 변환하면서 데이터가 손실될 수 있습니다.
c:\users\youns\onedrive\바탕 화면\ui 수정본\typing practice program\ui.c(181): warning C4477: 'printf' : 서식 문자열 '%d'에 'int' 형식의 인수가 필요하지만 variadic 인수 1의 형식이 '__int64'입니다.
  c:\users\youns\onedrive\바탕 화면\ui 수정본\typing practice program\ui.c(181): note: 서식 문자열에서 '%lld'을(를) 사용하는 것이 좋습니다.
  c:\users\youns\onedrive\바탕 화면\ui 수정본\typing practice program\ui.c(181): note: 서식 문자열에서 '%I64d'을(를) 사용하는 것이 좋습니다.
c:\users\youns\onedrive\바탕 화면\ui 수정본\typing practice program\ui.c(245): warning C4996: 'getch': The POSIX name for this item is deprecated. Instead, use the ISO C and C++ conformant name: _getch. See online help for details.
  c:\program files (x86)\windows kits\10\include\10.0.17763.0\ucrt\conio.h(453): note: 'getch' 선언을 참조하십시오.
c:\users\youns\onedrive\바탕 화면\ui 수정본\typing practice program\ui.c(253): warning C4996: 'getch': The POSIX name for this item is deprecated. Instead, use the ISO C and C++ conformant name: _getch. See online help for details.
  c:\program files (x86)\windows kits\10\include\10.0.17763.0\ucrt\conio.h(453): note: 'getch' 선언을 참조하십시오.
c:\users\youns\onedrive\바탕 화면\ui 수정본\typing practice program\ui.c(383): warning C4996: 'getch': The POSIX name for this item is deprecated. Instead, use the ISO C and C++ conformant name: _getch. See online help for details.
  c:\program files (x86)\windows kits\10\include\10.0.17763.0\ucrt\conio.h(453): note: 'getch' 선언을 참조하십시오.
c:\users\youns\onedrive\바탕 화면\ui 수정본\typing practice program\ui.c(444): warning C4996: 'getch': The POSIX name for this item is deprecated. Instead, use the ISO C and C++ conformant name: _getch. See online help for details.
  c:\program files (x86)\windows kits\10\include\10.0.17763.0\ucrt\conio.h(453): note: 'getch' 선언을 참조하십시오.
c:\users\youns\onedrive\바탕 화면\ui 수정본\typing practice program\ui.c(452): warning C4996: 'getch': The POSIX name for this item is deprecated. Instead, use the ISO C and C++ conformant name: _getch. See online help for details.
  c:\program files (x86)\windows kits\10\include\10.0.17763.0\ucrt\conio.h(453): note: 'getch' 선언을 참조하십시오.
c:\users\youns\onedrive\바탕 화면\ui 수정본\typing practice program\ui.c(530): warning C4996: 'fscanf': This function or variable may be unsafe. Consider using fscanf_s instead. To disable deprecation, use _CRT_SECURE_NO_WARNINGS. See online help for details.
  c:\program files (x86)\windows kits\10\include\10.0.17763.0\ucrt\stdio.h(1197): note: 'fscanf' 선언을 참조하십시오.
c:\users\youns\onedrive\바탕 화면\ui 수정본\typing practice program\ui.c(539): warning C4996: 'getch': The POSIX name for this item is deprecated. Instead, use the ISO C and C++ conformant name: _getch. See online help for details.
  c:\program files (x86)\windows kits\10\include\10.0.17763.0\ucrt\conio.h(453): note: 'getch' 선언을 참조하십시오.
c:\users\youns\onedrive\바탕 화면\ui 수정본\typing practice program\ui.c(543): warning C4996: 'getch': The POSIX name for this item is deprecated. Instead, use the ISO C and C++ conformant name: _getch. See online help for details.
  c:\program files (x86)\windows kits\10\include\10.0.17763.0\ucrt\conio.h(453): note: 'getch' 선언을 참조하십시오.
c:\users\youns\onedrive\바탕 화면\ui 수정본\typing practice program\ui.c(619): warning C4996: 'getch': The POSIX name for this item is deprecated. Instead, use the ISO C and C++ conformant name: _getch. See online help for details.
  c:\program files (x86)\windows kits\10\include\10.0.17763.0\ucrt\conio.h(453): note: 'getch' 선언을 참조하십시오.
  산성비(최신).c
c:\users\youns\onedrive\바탕 화면\ui 수정본\typing practice program\산성비(최신).c(143): warning C4101: 'Dummy' :참조되지 않은 지역 변수입니다.
c:\users\youns\onedrive\바탕 화면\ui 수정본\typing practice program\산성비(최신).c(202): warning C4047: '=': 'wchar_t'의 간접 참조 수준이 'void *'과(와) 다릅니다.
c:\users\youns\onedrive\바탕 화면\ui 수정본\typing practice program\산성비(최신).c(209): warning C4047: '=': 'wchar_t'의 간접 참조 수준이 'void *'과(와) 다릅니다.
c:\users\youns\onedrive\바탕 화면\ui 수정본\typing practice program\산성비(최신).c(276): warning C4047: '함수': 'WCHAR'의 간접 참조 수준이 'unsigned short [4]'과(와) 다릅니다.
c:\users\youns\onedrive\바탕 화면\ui 수정본\typing practice program\산성비(최신).c(276): warning C4024: 'FillConsoleOutputCharacterW': 형식 및 실제 매개 변수 2의 형식이 서로 다릅니다.
c:\users\youns\onedrive\바탕 화면\ui 수정본\typing practice program\산성비(최신).c(199): warning C4996: 'fopen': This function or variable may be unsafe. Consider using fopen_s instead. To disable deprecation, use _CRT_SECURE_NO_WARNINGS. See online help for details.
  c:\program files (x86)\windows kits\10\include\10.0.17763.0\ucrt\stdio.h(208): note: 'fopen' 선언을 참조하십시오.
c:\users\youns\onedrive\바탕 화면\ui 수정본\typing practice program\산성비(최신).c(206): warning C4996: 'fopen': This function or variable may be unsafe. Consider using fopen_s instead. To disable deprecation, use _CRT_SECURE_NO_WARNINGS. See online help for details.
  c:\program files (x86)\windows kits\10\include\10.0.17763.0\ucrt\stdio.h(208): note: 'fopen' 선언을 참조하십시오.
c:\users\youns\onedrive\바탕 화면\ui 수정본\typing practice program\산성비(최신).c(266): warning C4996: '_itow': This function or variable may be unsafe. Consider using _itow_s instead. To disable deprecation, use _CRT_SECURE_NO_WARNINGS. See online help for details.
  c:\program files (x86)\windows kits\10\include\10.0.17763.0\ucrt\corecrt_wstdlib.h(64): note: '_itow' 선언을 참조하십시오.
c:\users\youns\onedrive\바탕 화면\ui 수정본\typing practice program\산성비(최신).c(172): warning C4101: 'str' :참조되지 않은 지역 변수입니다.
  코드를 생성하고 있습니다...
c:\users\youns\onedrive\바탕 화면\ui 수정본\typing practice program\source.c(540): warning C4715: 'Long_sentence_practice': 모든 제어 경로에서 값을 반환하지는 않습니다.
  Typing Practice Program.vcxproj -> C:\Users\youns\OneDrive\바탕 화면\ui 수정본\Typing Practice Program\Debug\Typing Practice Program.exe
