  ui.c
c:\users\youns\onedrive\바탕 화면\bibim-e90f7e32d9c8f33501a0af40ac6fab6ba869f77f\bibim-e90f7e32d9c8f33501a0af40ac6fab6ba869f77f\typing practice program demo 0.05v\ui.c(54): warning C4013: 'titlesound'이(가) 정의되지 않았습니다. extern은 int형을 반환하는 것으로 간주합니다.
c:\users\youns\onedrive\바탕 화면\bibim-e90f7e32d9c8f33501a0af40ac6fab6ba869f77f\bibim-e90f7e32d9c8f33501a0af40ac6fab6ba869f77f\typing practice program demo 0.05v\ui.c(57): warning C4996: 'getch': The POSIX name for this item is deprecated. Instead, use the ISO C and C++ conformant name: _getch. See online help for details.
  c:\program files (x86)\windows kits\10\include\10.0.17763.0\ucrt\conio.h(453): note: 'getch' 선언을 참조하십시오.
c:\users\youns\onedrive\바탕 화면\bibim-e90f7e32d9c8f33501a0af40ac6fab6ba869f77f\bibim-e90f7e32d9c8f33501a0af40ac6fab6ba869f77f\typing practice program demo 0.05v\ui.c(111): warning C4013: 'mainchar'이(가) 정의되지 않았습니다. extern은 int형을 반환하는 것으로 간주합니다.
c:\users\youns\onedrive\바탕 화면\bibim-e90f7e32d9c8f33501a0af40ac6fab6ba869f77f\bibim-e90f7e32d9c8f33501a0af40ac6fab6ba869f77f\typing practice program demo 0.05v\ui.c(115): warning C4996: 'getch': The POSIX name for this item is deprecated. Instead, use the ISO C and C++ conformant name: _getch. See online help for details.
  c:\program files (x86)\windows kits\10\include\10.0.17763.0\ucrt\conio.h(453): note: 'getch' 선언을 참조하십시오.
c:\users\youns\onedrive\바탕 화면\bibim-e90f7e32d9c8f33501a0af40ac6fab6ba869f77f\bibim-e90f7e32d9c8f33501a0af40ac6fab6ba869f77f\typing practice program demo 0.05v\ui.c(180): warning C4244: '=': '__int64'에서 'int'(으)로 변환하면서 데이터가 손실될 수 있습니다.
c:\users\youns\onedrive\바탕 화면\bibim-e90f7e32d9c8f33501a0af40ac6fab6ba869f77f\bibim-e90f7e32d9c8f33501a0af40ac6fab6ba869f77f\typing practice program demo 0.05v\ui.c(183): warning C4477: 'printf' : 서식 문자열 '%d'에 'int' 형식의 인수가 필요하지만 variadic 인수 1의 형식이 '__int64'입니다.
  c:\users\youns\onedrive\바탕 화면\bibim-e90f7e32d9c8f33501a0af40ac6fab6ba869f77f\bibim-e90f7e32d9c8f33501a0af40ac6fab6ba869f77f\typing practice program demo 0.05v\ui.c(183): note: 서식 문자열에서 '%lld'을(를) 사용하는 것이 좋습니다.
  c:\users\youns\onedrive\바탕 화면\bibim-e90f7e32d9c8f33501a0af40ac6fab6ba869f77f\bibim-e90f7e32d9c8f33501a0af40ac6fab6ba869f77f\typing practice program demo 0.05v\ui.c(183): note: 서식 문자열에서 '%I64d'을(를) 사용하는 것이 좋습니다.
c:\users\youns\onedrive\바탕 화면\bibim-e90f7e32d9c8f33501a0af40ac6fab6ba869f77f\bibim-e90f7e32d9c8f33501a0af40ac6fab6ba869f77f\typing practice program demo 0.05v\ui.c(247): warning C4996: 'getch': The POSIX name for this item is deprecated. Instead, use the ISO C and C++ conformant name: _getch. See online help for details.
  c:\program files (x86)\windows kits\10\include\10.0.17763.0\ucrt\conio.h(453): note: 'getch' 선언을 참조하십시오.
c:\users\youns\onedrive\바탕 화면\bibim-e90f7e32d9c8f33501a0af40ac6fab6ba869f77f\bibim-e90f7e32d9c8f33501a0af40ac6fab6ba869f77f\typing practice program demo 0.05v\ui.c(255): warning C4996: 'getch': The POSIX name for this item is deprecated. Instead, use the ISO C and C++ conformant name: _getch. See online help for details.
  c:\program files (x86)\windows kits\10\include\10.0.17763.0\ucrt\conio.h(453): note: 'getch' 선언을 참조하십시오.
c:\users\youns\onedrive\바탕 화면\bibim-e90f7e32d9c8f33501a0af40ac6fab6ba869f77f\bibim-e90f7e32d9c8f33501a0af40ac6fab6ba869f77f\typing practice program demo 0.05v\ui.c(283): warning C4013: 'stopsound'이(가) 정의되지 않았습니다. extern은 int형을 반환하는 것으로 간주합니다.
c:\users\youns\onedrive\바탕 화면\bibim-e90f7e32d9c8f33501a0af40ac6fab6ba869f77f\bibim-e90f7e32d9c8f33501a0af40ac6fab6ba869f77f\typing practice program demo 0.05v\ui.c(335): warning C4013: 'pokemonsound'이(가) 정의되지 않았습니다. extern은 int형을 반환하는 것으로 간주합니다.
c:\users\youns\onedrive\바탕 화면\bibim-e90f7e32d9c8f33501a0af40ac6fab6ba869f77f\bibim-e90f7e32d9c8f33501a0af40ac6fab6ba869f77f\typing practice program demo 0.05v\ui.c(387): warning C4996: 'getch': The POSIX name for this item is deprecated. Instead, use the ISO C and C++ conformant name: _getch. See online help for details.
  c:\program files (x86)\windows kits\10\include\10.0.17763.0\ucrt\conio.h(453): note: 'getch' 선언을 참조하십시오.
c:\users\youns\onedrive\바탕 화면\bibim-e90f7e32d9c8f33501a0af40ac6fab6ba869f77f\bibim-e90f7e32d9c8f33501a0af40ac6fab6ba869f77f\typing practice program demo 0.05v\ui.c(448): warning C4996: 'getch': The POSIX name for this item is deprecated. Instead, use the ISO C and C++ conformant name: _getch. See online help for details.
  c:\program files (x86)\windows kits\10\include\10.0.17763.0\ucrt\conio.h(453): note: 'getch' 선언을 참조하십시오.
c:\users\youns\onedrive\바탕 화면\bibim-e90f7e32d9c8f33501a0af40ac6fab6ba869f77f\bibim-e90f7e32d9c8f33501a0af40ac6fab6ba869f77f\typing practice program demo 0.05v\ui.c(509): warning C4996: 'fscanf': This function or variable may be unsafe. Consider using fscanf_s instead. To disable deprecation, use _CRT_SECURE_NO_WARNINGS. See online help for details.
  c:\program files (x86)\windows kits\10\include\10.0.17763.0\ucrt\stdio.h(1197): note: 'fscanf' 선언을 참조하십시오.
c:\users\youns\onedrive\바탕 화면\bibim-e90f7e32d9c8f33501a0af40ac6fab6ba869f77f\bibim-e90f7e32d9c8f33501a0af40ac6fab6ba869f77f\typing practice program demo 0.05v\ui.c(518): warning C4996: 'getch': The POSIX name for this item is deprecated. Instead, use the ISO C and C++ conformant name: _getch. See online help for details.
  c:\program files (x86)\windows kits\10\include\10.0.17763.0\ucrt\conio.h(453): note: 'getch' 선언을 참조하십시오.
c:\users\youns\onedrive\바탕 화면\bibim-e90f7e32d9c8f33501a0af40ac6fab6ba869f77f\bibim-e90f7e32d9c8f33501a0af40ac6fab6ba869f77f\typing practice program demo 0.05v\ui.c(522): warning C4996: 'getch': The POSIX name for this item is deprecated. Instead, use the ISO C and C++ conformant name: _getch. See online help for details.
  c:\program files (x86)\windows kits\10\include\10.0.17763.0\ucrt\conio.h(453): note: 'getch' 선언을 참조하십시오.
c:\users\youns\onedrive\바탕 화면\bibim-e90f7e32d9c8f33501a0af40ac6fab6ba869f77f\bibim-e90f7e32d9c8f33501a0af40ac6fab6ba869f77f\typing practice program demo 0.05v\ui.c(599): warning C4996: 'getch': The POSIX name for this item is deprecated. Instead, use the ISO C and C++ conformant name: _getch. See online help for details.
  c:\program files (x86)\windows kits\10\include\10.0.17763.0\ucrt\conio.h(453): note: 'getch' 선언을 참조하십시오.
  코드를 생성하고 있습니다.
c:\users\youns\onedrive\바탕 화면\bibim-e90f7e32d9c8f33501a0af40ac6fab6ba869f77f\bibim-e90f7e32d9c8f33501a0af40ac6fab6ba869f77f\typing practice program demo 0.05v\source.c(590): warning C4715: 'Long_sentence_practice': 모든 제어 경로에서 값을 반환하지는 않습니다.
  10 of 44 functions (22.7%) were compiled, the rest were copied from previous compilation.
    0 functions were new in current compilation
    1 functions had inline decision re-evaluated but remain unchanged
  코드를 생성했습니다.
  Typing Practice Program.vcxproj -> C:\Users\youns\OneDrive\바탕 화면\bibim-e90f7e32d9c8f33501a0af40ac6fab6ba869f77f\bibim-e90f7e32d9c8f33501a0af40ac6fab6ba869f77f\Typing Practice Program Demo 0.05v\Release\Typing Practice Program.exe
